{"__type":"$$EventMessageAudit","id":"84981a8e-1ab1-4a37-9167-68fdc58f7de9","ts":"2025-09-20T20:31:44.202+00:00","eventName":"n8n.audit.workflow.created","message":"n8n.audit.workflow.created","payload":{"userId":"71f970cb-94df-4643-8440-4cf26ba00e00","_email":"camilahpmacedo@gmail.com","_firstName":"Camila","_lastName":"Macedo","globalRole":"global:owner","workflowId":"xIL9DDIXMzvzlkXO","workflowName":"My workflow"}}
{"__type":"$$EventMessageConfirm","confirm":"84981a8e-1ab1-4a37-9167-68fdc58f7de9","ts":"2025-09-20T20:31:44.251+00:00","source":{"id":"0","name":"eventBus"}}
{"__type":"$$EventMessageWorkflow","id":"227b023d-bce0-4fcc-95c3-0bbf9763a786","ts":"2025-09-20T20:31:44.324+00:00","eventName":"n8n.workflow.started","message":"n8n.workflow.started","payload":{"executionId":"1","workflowId":"xIL9DDIXMzvzlkXO","isManual":false,"workflowName":"My workflow"}}
{"__type":"$$EventMessageConfirm","confirm":"227b023d-bce0-4fcc-95c3-0bbf9763a786","ts":"2025-09-20T20:31:44.324+00:00","source":{"id":"0","name":"eventBus"}}
{"__type":"$$EventMessageNode","id":"13e10440-b81b-496f-868c-359e272a3479","ts":"2025-09-20T20:31:44.326+00:00","eventName":"n8n.node.started","message":"n8n.node.started","payload":{"workflowId":"xIL9DDIXMzvzlkXO","workflowName":"My workflow","executionId":"1","nodeType":"n8n-nodes-base.manualTrigger","nodeName":"When clicking ‘Test workflow’"}}
{"__type":"$$EventMessageConfirm","confirm":"13e10440-b81b-496f-868c-359e272a3479","ts":"2025-09-20T20:31:44.326+00:00","source":{"id":"0","name":"eventBus"}}
{"__type":"$$EventMessageNode","id":"863eeb18-0ec9-49a0-b15e-c7803e63edf4","ts":"2025-09-20T20:31:44.329+00:00","eventName":"n8n.node.finished","message":"n8n.node.finished","payload":{"workflowId":"xIL9DDIXMzvzlkXO","workflowName":"My workflow","executionId":"1","nodeType":"n8n-nodes-base.manualTrigger","nodeName":"When clicking ‘Test workflow’"}}
{"__type":"$$EventMessageConfirm","confirm":"863eeb18-0ec9-49a0-b15e-c7803e63edf4","ts":"2025-09-20T20:31:44.329+00:00","source":{"id":"0","name":"eventBus"}}
{"__type":"$$EventMessageNode","id":"edb406a0-b83d-480f-90a3-3a63f23a5133","ts":"2025-09-20T20:31:44.330+00:00","eventName":"n8n.node.started","message":"n8n.node.started","payload":{"workflowId":"xIL9DDIXMzvzlkXO","workflowName":"My workflow","executionId":"1","nodeType":"CUSTOM.random","nodeName":"Random"}}
{"__type":"$$EventMessageConfirm","confirm":"edb406a0-b83d-480f-90a3-3a63f23a5133","ts":"2025-09-20T20:31:44.330+00:00","source":{"id":"0","name":"eventBus"}}
{"__type":"$$EventMessageNode","id":"5a7a258d-017a-4e0d-b1cf-2c4a10d14da3","ts":"2025-09-20T20:31:44.903+00:00","eventName":"n8n.node.finished","message":"n8n.node.finished","payload":{"workflowId":"xIL9DDIXMzvzlkXO","workflowName":"My workflow","executionId":"1","nodeType":"CUSTOM.random","nodeName":"Random"}}
{"__type":"$$EventMessageConfirm","confirm":"5a7a258d-017a-4e0d-b1cf-2c4a10d14da3","ts":"2025-09-20T20:31:44.903+00:00","source":{"id":"0","name":"eventBus"}}
{"__type":"$$EventMessageWorkflow","id":"040fa072-67fd-4cce-9af9-1ee2581a99a5","ts":"2025-09-20T20:31:44.906+00:00","eventName":"n8n.workflow.success","message":"n8n.workflow.success","payload":{"executionId":"1","userId":"71f970cb-94df-4643-8440-4cf26ba00e00","success":true,"isManual":true,"workflowId":"xIL9DDIXMzvzlkXO","workflowName":"My workflow"}}
{"__type":"$$EventMessageConfirm","confirm":"040fa072-67fd-4cce-9af9-1ee2581a99a5","ts":"2025-09-20T20:31:44.906+00:00","source":{"id":"0","name":"eventBus"}}
{"__type":"$$EventMessageWorkflow","id":"f19eeb91-9a75-48d5-bd14-b3460a2b9373","ts":"2025-09-20T20:34:17.243+00:00","eventName":"n8n.workflow.started","message":"n8n.workflow.started","payload":{"executionId":"2","workflowId":"xIL9DDIXMzvzlkXO","isManual":false,"workflowName":"My workflow"}}
{"__type":"$$EventMessageConfirm","confirm":"f19eeb91-9a75-48d5-bd14-b3460a2b9373","ts":"2025-09-20T20:34:17.243+00:00","source":{"id":"0","name":"eventBus"}}
{"__type":"$$EventMessageNode","id":"13692a4d-8522-4ad6-bdf4-e09ac62d352b","ts":"2025-09-20T20:34:17.244+00:00","eventName":"n8n.node.started","message":"n8n.node.started","payload":{"workflowId":"xIL9DDIXMzvzlkXO","workflowName":"My workflow","executionId":"2","nodeType":"CUSTOM.random","nodeName":"Random"}}
{"__type":"$$EventMessageConfirm","confirm":"13692a4d-8522-4ad6-bdf4-e09ac62d352b","ts":"2025-09-20T20:34:17.244+00:00","source":{"id":"0","name":"eventBus"}}
{"__type":"$$EventMessageNode","id":"8c9fe41c-597a-4f8d-8a49-39f9486b63bd","ts":"2025-09-20T20:32:43.818+00:00","eventName":"n8n.node.finished","message":"n8n.node.finished","payload":{"workflowId":"xIL9DDIXMzvzlkXO","workflowName":"My workflow","executionId":"2","nodeType":"CUSTOM.random","nodeName":"Random"}}
{"__type":"$$EventMessageConfirm","confirm":"8c9fe41c-597a-4f8d-8a49-39f9486b63bd","ts":"2025-09-20T20:32:43.818+00:00","source":{"id":"0","name":"eventBus"}}
{"__type":"$$EventMessageWorkflow","id":"c7e97a26-0be0-4488-ac20-1a19ad1a9a26","ts":"2025-09-20T20:32:43.820+00:00","eventName":"n8n.workflow.success","message":"n8n.workflow.success","payload":{"executionId":"2","userId":"71f970cb-94df-4643-8440-4cf26ba00e00","success":true,"isManual":true,"workflowId":"xIL9DDIXMzvzlkXO","workflowName":"My workflow"}}
{"__type":"$$EventMessageConfirm","confirm":"c7e97a26-0be0-4488-ac20-1a19ad1a9a26","ts":"2025-09-20T20:32:43.820+00:00","source":{"id":"0","name":"eventBus"}}
{"__type":"$$EventMessageWorkflow","id":"0baa6320-5f8e-4039-90cc-8bc71849a886","ts":"2025-09-20T20:35:27.829+00:00","eventName":"n8n.workflow.started","message":"n8n.workflow.started","payload":{"executionId":"3","workflowId":"xIL9DDIXMzvzlkXO","isManual":false,"workflowName":"My workflow"}}
{"__type":"$$EventMessageConfirm","confirm":"0baa6320-5f8e-4039-90cc-8bc71849a886","ts":"2025-09-20T20:35:27.829+00:00","source":{"id":"0","name":"eventBus"}}
{"__type":"$$EventMessageNode","id":"47fd647a-b40e-46c3-b01d-20eaaa5e5628","ts":"2025-09-20T20:35:27.830+00:00","eventName":"n8n.node.started","message":"n8n.node.started","payload":{"workflowId":"xIL9DDIXMzvzlkXO","workflowName":"My workflow","executionId":"3","nodeType":"CUSTOM.random","nodeName":"Random"}}
{"__type":"$$EventMessageConfirm","confirm":"47fd647a-b40e-46c3-b01d-20eaaa5e5628","ts":"2025-09-20T20:35:27.830+00:00","source":{"id":"0","name":"eventBus"}}
{"__type":"$$EventMessageNode","id":"95dc2f4f-c3ce-4511-8199-0af50f588299","ts":"2025-09-20T20:35:28.239+00:00","eventName":"n8n.node.finished","message":"n8n.node.finished","payload":{"workflowId":"xIL9DDIXMzvzlkXO","workflowName":"My workflow","executionId":"3","nodeType":"CUSTOM.random","nodeName":"Random"}}
{"__type":"$$EventMessageConfirm","confirm":"95dc2f4f-c3ce-4511-8199-0af50f588299","ts":"2025-09-20T20:35:28.239+00:00","source":{"id":"0","name":"eventBus"}}
{"__type":"$$EventMessageWorkflow","id":"9b3534ec-2337-4aa7-80cc-d22fb933e219","ts":"2025-09-20T20:35:28.240+00:00","eventName":"n8n.workflow.success","message":"n8n.workflow.success","payload":{"executionId":"3","userId":"71f970cb-94df-4643-8440-4cf26ba00e00","success":true,"isManual":true,"workflowId":"xIL9DDIXMzvzlkXO","workflowName":"My workflow"}}
{"__type":"$$EventMessageConfirm","confirm":"9b3534ec-2337-4aa7-80cc-d22fb933e219","ts":"2025-09-20T20:35:28.240+00:00","source":{"id":"0","name":"eventBus"}}
